Copyright 1986-2022 Xilinx, Inc. All Rights Reserved. Copyright 2022-2023 Advanced Micro Devices, Inc. All Rights Reserved.
---------------------------------------------------------------------------------------------------------------------------------------------
| Tool Version : Vivado v.2023.1 (win64) Build 3865809 Sun May  7 15:05:29 MDT 2023
| Date         : Tue Mar 18 22:35:40 2025
| Host         : DESKTOP-O4N5DF9 running 64-bit major release  (build 9200)
| Command      : report_clock_utilization -file project_top_clock_utilization_routed.rpt
| Design       : project_top
| Device       : 7a35t-fgg484
| Speed File   : -2  PRODUCTION 1.23 2018-06-13
| Design State : Routed
---------------------------------------------------------------------------------------------------------------------------------------------

Clock Utilization Report

Table of Contents
-----------------
1. Clock Primitive Utilization
2. Global Clock Resources
3. Global Clock Source Details
4. Clock Regions: Key Resource Utilization
5. Clock Regions : Global Clock Summary
6. Device Cell Placement Summary for Global Clock g0
7. Device Cell Placement Summary for Global Clock g1
8. Device Cell Placement Summary for Global Clock g2
9. Clock Region Cell Placement per Global Clock: Region X0Y2

1. Clock Primitive Utilization
------------------------------

+----------+------+-----------+-----+--------------+--------+
| Type     | Used | Available | LOC | Clock Region | Pblock |
+----------+------+-----------+-----+--------------+--------+
| BUFGCTRL |    2 |        32 |   0 |            0 |      0 |
| BUFH     |    0 |        72 |   0 |            0 |      0 |
| BUFIO    |    1 |        20 |   0 |            0 |      0 |
| BUFMR    |    0 |        10 |   0 |            0 |      0 |
| BUFR     |    1 |        20 |   0 |            0 |      0 |
| MMCM     |    1 |         5 |   0 |            0 |      0 |
| PLL      |    0 |         5 |   0 |            0 |      0 |
+----------+------+-----------+-----+--------------+--------+


2. Global Clock Resources
-------------------------

+-----------+-----------+-----------------+------------+----------------+--------------+-------------------+-------------+-----------------+--------------+---------+----------------------------------------------------------+---------------------------------------------------+
| Global Id | Source Id | Driver Type/Pin | Constraint | Site           | Clock Region | Load Clock Region | Clock Loads | Non-Clock Loads | Clock Period | Clock   | Driver Pin                                               | Net                                               |
+-----------+-----------+-----------------+------------+----------------+--------------+-------------------+-------------+-----------------+--------------+---------+----------------------------------------------------------+---------------------------------------------------+
| g0        | src0      | BUFR/O          | None       | BUFR_X0Y9      | X0Y2         |                 2 |         320 |               1 |              |         | dvi2rgb_0_inst/U0/TMDS_ClockingX/PixelClkBuffer/O        | dvi2rgb_0_inst/U0/TMDS_ClockingX/PixelClkBuffer_0 |
| g1        | src1      | BUFG/O          | None       | BUFGCTRL_X0Y16 | n/a          |                 1 |         156 |               0 |              |         | dvi2rgb_0_inst/U0/GenerateBUFG.ResyncToBUFG_X/InstBUFG/O | dvi2rgb_0_inst/U0/GenerateBUFG.ResyncToBUFG_X/CLK |
| g2        | src2      | BUFG/O          | None       | BUFGCTRL_X0Y0  | n/a          |                 1 |         101 |               0 |       20.000 | sys_clk | i_clk_IBUF_BUFG_inst/O                                   | i_clk_IBUF_BUFG                                   |
+-----------+-----------+-----------------+------------+----------------+--------------+-------------------+-------------+-----------------+--------------+---------+----------------------------------------------------------+---------------------------------------------------+
* Clock Loads column represents cell count of net connects that connect to a clock pin. Internal cell leaf pins are not considered
** Non-Clock Loads column represents cell count of non-clock pin loads


3. Global Clock Source Details
------------------------------

+-----------+-----------+--------------------+------------+-----------------+--------------+-------------+-----------------+---------------------+--------------+-----------------------------------------------------------+------------------------------------------------------+
| Source Id | Global Id | Driver Type/Pin    | Constraint | Site            | Clock Region | Clock Loads | Non-Clock Loads | Source Clock Period | Source Clock | Driver Pin                                                | Net                                                  |
+-----------+-----------+--------------------+------------+-----------------+--------------+-------------+-----------------+---------------------+--------------+-----------------------------------------------------------+------------------------------------------------------+
| src0      | g0        | MMCME2_ADV/CLKOUT0 | None       | MMCME2_ADV_X0Y2 | X0Y2         |           2 |               0 |                     |              | dvi2rgb_0_inst/U0/TMDS_ClockingX/DVI_ClkGenerator/CLKOUT0 | dvi2rgb_0_inst/U0/TMDS_ClockingX/CLK_OUT_5x_hdmi_clk |
| src1      | g1        | BUFR/O             | None       | BUFR_X0Y9       | X0Y2         |         363 |               0 |                     |              | dvi2rgb_0_inst/U0/TMDS_ClockingX/PixelClkBuffer/O         | dvi2rgb_0_inst/U0/TMDS_ClockingX/PixelClkBuffer_0    |
| src2      | g2        | IBUF/O             | IOB_X1Y24  | IOB_X1Y24       | X1Y0         |           1 |               0 |              20.000 | sys_clk      | i_clk_IBUF_inst/O                                         | i_clk_IBUF                                           |
+-----------+-----------+--------------------+------------+-----------------+--------------+-------------+-----------------+---------------------+--------------+-----------------------------------------------------------+------------------------------------------------------+
* Clock Loads column represents cell count of net connects that connect to a clock pin. Internal cell leaf pins are not considered
** Non-Clock Loads column represents cell count of non-clock pin loads


4. Clock Regions: Key Resource Utilization
------------------------------------------

+-------------------+--------------+--------------+--------------+--------------+--------------+--------------+--------------+--------------+--------------+--------------+--------------+--------------+--------------+--------------+--------------+
|                   | Global Clock |     BUFRs    |    BUFMRs    |    BUFIOs    |     MMCM     |      PLL     |      GT      |      PCI     |    ILOGIC    |    OLOGIC    |      FF      |     LUTM     |    RAMB18    |    RAMB36    |    DSP48E2   |
+-------------------+------+-------+------+-------+------+-------+------+-------+------+-------+------+-------+------+-------+------+-------+------+-------+------+-------+------+-------+------+-------+------+-------+------+-------+------+-------+
| Clock Region Name | Used | Avail | Used | Avail | Used | Avail | Used | Avail | Used | Avail | Used | Avail | Used | Avail | Used | Avail | Used | Avail | Used | Avail | Used | Avail | Used | Avail | Used | Avail | Used | Avail | Used | Avail |
+-------------------+------+-------+------+-------+------+-------+------+-------+------+-------+------+-------+------+-------+------+-------+------+-------+------+-------+------+-------+------+-------+------+-------+------+-------+------+-------+
| X0Y0              |    0 |    12 |    0 |     4 |    0 |     2 |    0 |     4 |    0 |     1 |    0 |     1 |    0 |     0 |    0 |     0 |    0 |    50 |    0 |    50 |    0 |  1200 |    0 |   400 |    0 |    20 |    0 |    10 |    0 |    20 |
| X1Y0              |    0 |    12 |    0 |     4 |    0 |     2 |    0 |     4 |    0 |     1 |    0 |     1 |    0 |     0 |    0 |     0 |    0 |    50 |    0 |    50 |    0 |  1500 |    0 |   450 |    0 |    40 |    0 |    20 |    0 |    20 |
| X0Y1              |    0 |    12 |    0 |     4 |    0 |     2 |    0 |     4 |    0 |     1 |    0 |     1 |    0 |     0 |    0 |     0 |    0 |    50 |    0 |    50 |    0 |  1200 |    0 |   400 |    0 |    20 |    0 |    10 |    0 |    20 |
| X1Y1              |    0 |    12 |    0 |     4 |    0 |     2 |    0 |     4 |    0 |     1 |    0 |     1 |    0 |     0 |    0 |     0 |    0 |    50 |    0 |    50 |    0 |  1500 |    0 |   450 |    0 |    40 |    0 |    20 |    0 |    20 |
| X0Y2              |    4 |    12 |    1 |     4 |    0 |     2 |    1 |     4 |    0 |     1 |    0 |     1 |    0 |     0 |    0 |     0 |    6 |    50 |    0 |    50 |  560 |  1800 |  255 |   400 |    0 |    20 |    0 |    10 |    0 |    20 |
| X1Y2              |    0 |    12 |    0 |     0 |    0 |     0 |    0 |     0 |    0 |     0 |    0 |     0 |    0 |     4 |    0 |     1 |    0 |     0 |    0 |     0 |    0 |   950 |    0 |   300 |    0 |    10 |    0 |     5 |    0 |    20 |
+-------------------+------+-------+------+-------+------+-------+------+-------+------+-------+------+-------+------+-------+------+-------+------+-------+------+-------+------+-------+------+-------+------+-------+------+-------+------+-------+
* Global Clock column represents track count; while other columns represents cell counts


5. Clock Regions : Global Clock Summary
---------------------------------------

All Modules
+----+----+----+
|    | X0 | X1 |
+----+----+----+
| Y2 |  2 |  0 |
| Y1 |  0 |  0 |
| Y0 |  0 |  0 |
+----+----+----+


6. Device Cell Placement Summary for Global Clock g0
----------------------------------------------------

+-----------+-----------------+-------------------+-------+-------------+---------------+-------------+----------+----------------+----------+---------------------------------------------------+
| Global Id | Driver Type/Pin | Driver Region (D) | Clock | Period (ns) | Waveform (ns) | Slice Loads | IO Loads | Clocking Loads | GT Loads | Net                                               |
+-----------+-----------------+-------------------+-------+-------------+---------------+-------------+----------+----------------+----------+---------------------------------------------------+
| g0        | BUFR/O          | X0Y2              |       |             |               |         308 |        6 |              1 |        0 | dvi2rgb_0_inst/U0/TMDS_ClockingX/PixelClkBuffer_0 |
+-----------+-----------------+-------------------+-------+-------------+---------------+-------------+----------+----------------+----------+---------------------------------------------------+
* Slice Loads column represents load cell count of all cell types other than IO, GT and clock resources
** IO Loads column represents load cell count of IO types
*** Clocking Loads column represents load cell count that are clock resources (global clock buffer, MMCM, PLL, etc)
**** GT Loads column represents load cell count of GT types


+----+----------+----+-----------------------+
|    | X0       | X1 | HORIZONTAL PROG DELAY |
+----+----------+----+-----------------------+
| Y2 |  (D) 314 |  0 |                     0 |
| Y1 |        0 |  0 |                     - |
| Y0 |        0 |  0 |                     - |
+----+----------+----+-----------------------+


7. Device Cell Placement Summary for Global Clock g1
----------------------------------------------------

+-----------+-----------------+-------------------+-------+-------------+---------------+-------------+----------+----------------+----------+---------------------------------------------------+
| Global Id | Driver Type/Pin | Driver Region (D) | Clock | Period (ns) | Waveform (ns) | Slice Loads | IO Loads | Clocking Loads | GT Loads | Net                                               |
+-----------+-----------------+-------------------+-------+-------------+---------------+-------------+----------+----------------+----------+---------------------------------------------------+
| g1        | BUFG/O          | n/a               |       |             |               |         156 |        0 |              0 |        0 | dvi2rgb_0_inst/U0/GenerateBUFG.ResyncToBUFG_X/CLK |
+-----------+-----------------+-------------------+-------+-------------+---------------+-------------+----------+----------------+----------+---------------------------------------------------+
* Slice Loads column represents load cell count of all cell types other than IO, GT and clock resources
** IO Loads column represents load cell count of IO types
*** Clocking Loads column represents load cell count that are clock resources (global clock buffer, MMCM, PLL, etc)
**** GT Loads column represents load cell count of GT types


+----+------+----+-----------------------+
|    | X0   | X1 | HORIZONTAL PROG DELAY |
+----+------+----+-----------------------+
| Y2 |  156 |  0 |                     0 |
| Y1 |    0 |  0 |                     - |
| Y0 |    0 |  0 |                     - |
+----+------+----+-----------------------+


8. Device Cell Placement Summary for Global Clock g2
----------------------------------------------------

+-----------+-----------------+-------------------+---------+-------------+----------------+-------------+----------+----------------+----------+-----------------+
| Global Id | Driver Type/Pin | Driver Region (D) | Clock   | Period (ns) | Waveform (ns)  | Slice Loads | IO Loads | Clocking Loads | GT Loads | Net             |
+-----------+-----------------+-------------------+---------+-------------+----------------+-------------+----------+----------------+----------+-----------------+
| g2        | BUFG/O          | n/a               | sys_clk |      20.000 | {0.000 10.000} |         101 |        0 |              0 |        0 | i_clk_IBUF_BUFG |
+-----------+-----------------+-------------------+---------+-------------+----------------+-------------+----------+----------------+----------+-----------------+
* Slice Loads column represents load cell count of all cell types other than IO, GT and clock resources
** IO Loads column represents load cell count of IO types
*** Clocking Loads column represents load cell count that are clock resources (global clock buffer, MMCM, PLL, etc)
**** GT Loads column represents load cell count of GT types


+----+------+----+-----------------------+
|    | X0   | X1 | HORIZONTAL PROG DELAY |
+----+------+----+-----------------------+
| Y2 |  101 |  0 |                     0 |
| Y1 |    0 |  0 |                     - |
| Y0 |    0 |  0 |                     - |
+----+------+----+-----------------------+


9. Clock Region Cell Placement per Global Clock: Region X0Y2
------------------------------------------------------------

+-----------+-------+-----------------+------------+-------------+-----------------+-----+-------------+------+-----+----+------+-----+---------+---------------------------------------------------+
| Global Id | Track | Driver Type/Pin | Constraint | Clock Loads | Non-Clock Loads | FF  | Memory LUTs | RAMB | DSP | GT | MMCM | PLL | Hard IP | Net                                               |
+-----------+-------+-----------------+------------+-------------+-----------------+-----+-------------+------+-----+----+------+-----+---------+---------------------------------------------------+
| g0        | n/a   | BUFR/O          | None       |         314 |               0 | 305 |           0 |    0 |   0 |  0 |    0 |   0 |       0 | dvi2rgb_0_inst/U0/TMDS_ClockingX/PixelClkBuffer_0 |
| g1        | n/a   | BUFG/O          | None       |         156 |               0 | 155 |           0 |    0 |   0 |  0 |    0 |   0 |       0 | dvi2rgb_0_inst/U0/GenerateBUFG.ResyncToBUFG_X/CLK |
| g2        | n/a   | BUFG/O          | None       |         101 |               0 | 100 |           0 |    0 |   0 |  0 |    0 |   0 |       0 | i_clk_IBUF_BUFG                                   |
+-----------+-------+-----------------+------------+-------------+-----------------+-----+-------------+------+-----+----+------+-----+---------+---------------------------------------------------+
* Clock Loads column represents cell count of net connects that connect to a clock pin. Internal cell leaf pins are not considered
** Non-Clock Loads column represents cell count of non-clock pin loads
*** Columns FF, LUTRAM, RAMB through 'Hard IP' represents load cell counts



# Location of BUFG Primitives 
set_property LOC BUFGCTRL_X0Y0 [get_cells i_clk_IBUF_BUFG_inst]
set_property LOC BUFGCTRL_X0Y16 [get_cells dvi2rgb_0_inst/U0/GenerateBUFG.ResyncToBUFG_X/InstBUFG]

# Location of BUFIO Primitives 
set_property LOC BUFIO_X0Y9 [get_cells dvi2rgb_0_inst/U0/TMDS_ClockingX/SerialClkBuffer]

# Location of BUFR Primitives 
set_property LOC BUFR_X0Y9 [get_cells dvi2rgb_0_inst/U0/TMDS_ClockingX/PixelClkBuffer]

# Location of IO Primitives which is load of clock spine

# Location of clock ports
set_property LOC IOB_X1Y24 [get_ports i_clk]
set_property LOC IOB_X0Y124 [get_ports i_tmds_clk_p]

# Clock net "i_clk_IBUF_BUFG" driven by instance "i_clk_IBUF_BUFG_inst" located at site "BUFGCTRL_X0Y0"
#startgroup
create_pblock {CLKAG_i_clk_IBUF_BUFG}
add_cells_to_pblock [get_pblocks  {CLKAG_i_clk_IBUF_BUFG}] [get_cells -filter { PRIMITIVE_GROUP != I/O && IS_PRIMITIVE==1 && PRIMITIVE_LEVEL !=INTERNAL } -of_object [get_pins -leaf -filter {DIRECTION==IN} -of_objects [get_nets {i_clk_IBUF_BUFG}]]]
resize_pblock [get_pblocks {CLKAG_i_clk_IBUF_BUFG}] -add {CLOCKREGION_X0Y2:CLOCKREGION_X0Y2}
#endgroup

# Clock net "dvi2rgb_0_inst/U0/TMDS_ClockingX/PixelClkBuffer_0" driven by instance "dvi2rgb_0_inst/U0/TMDS_ClockingX/PixelClkBuffer" located at site "BUFR_X0Y9"
#startgroup
create_pblock {CLKAG_dvi2rgb_0_inst/U0/TMDS_ClockingX/PixelClkBuffer_0}
add_cells_to_pblock [get_pblocks  {CLKAG_dvi2rgb_0_inst/U0/TMDS_ClockingX/PixelClkBuffer_0}] [get_cells -filter { PRIMITIVE_GROUP != I/O && IS_PRIMITIVE==1 && PRIMITIVE_LEVEL !=INTERNAL && NAME!=dvi2rgb_0_inst/U0/GenerateBUFG.ResyncToBUFG_X/InstBUFG} -of_object [get_pins -leaf -filter {DIRECTION==IN} -of_objects [get_nets {dvi2rgb_0_inst/U0/TMDS_ClockingX/PixelClkBuffer_0}]]]
resize_pblock [get_pblocks {CLKAG_dvi2rgb_0_inst/U0/TMDS_ClockingX/PixelClkBuffer_0}] -add {CLOCKREGION_X0Y2:CLOCKREGION_X0Y2}
#endgroup

# Clock net "dvi2rgb_0_inst/U0/GenerateBUFG.ResyncToBUFG_X/CLK" driven by instance "dvi2rgb_0_inst/U0/GenerateBUFG.ResyncToBUFG_X/InstBUFG" located at site "BUFGCTRL_X0Y16"
#startgroup
create_pblock {CLKAG_dvi2rgb_0_inst/U0/GenerateBUFG.ResyncToBUFG_X/CLK}
add_cells_to_pblock [get_pblocks  {CLKAG_dvi2rgb_0_inst/U0/GenerateBUFG.ResyncToBUFG_X/CLK}] [get_cells -filter { PRIMITIVE_GROUP != I/O && IS_PRIMITIVE==1 && PRIMITIVE_LEVEL !=INTERNAL } -of_object [get_pins -leaf -filter {DIRECTION==IN} -of_objects [get_nets {dvi2rgb_0_inst/U0/GenerateBUFG.ResyncToBUFG_X/CLK}]]]
resize_pblock [get_pblocks {CLKAG_dvi2rgb_0_inst/U0/GenerateBUFG.ResyncToBUFG_X/CLK}] -add {CLOCKREGION_X0Y2:CLOCKREGION_X0Y2}
#endgroup
